TN:
SF:app.js
FN:21,(anonymous_0)
FN:24,(anonymous_1)
FN:65,(anonymous_2)
FN:71,(anonymous_3)
FN:95,(anonymous_4)
FN:129,(anonymous_5)
FN:201,(anonymous_6)
FN:219,(anonymous_7)
FN:233,(anonymous_8)
FN:278,(anonymous_9)
FN:280,(anonymous_10)
FN:282,(anonymous_11)
FN:289,(anonymous_12)
FN:291,(anonymous_13)
FN:293,(anonymous_14)
FN:301,(anonymous_15)
FNF:16
FNH:0
FNDA:0,(anonymous_0)
FNDA:0,(anonymous_1)
FNDA:0,(anonymous_2)
FNDA:0,(anonymous_3)
FNDA:0,(anonymous_4)
FNDA:0,(anonymous_5)
FNDA:0,(anonymous_6)
FNDA:0,(anonymous_7)
FNDA:0,(anonymous_8)
FNDA:0,(anonymous_9)
FNDA:0,(anonymous_10)
FNDA:0,(anonymous_11)
FNDA:0,(anonymous_12)
FNDA:0,(anonymous_13)
FNDA:0,(anonymous_14)
FNDA:0,(anonymous_15)
DA:1,0
DA:2,0
DA:3,0
DA:4,0
DA:5,0
DA:6,0
DA:7,0
DA:8,0
DA:11,0
DA:12,0
DA:13,0
DA:14,0
DA:16,0
DA:17,0
DA:20,0
DA:22,0
DA:25,0
DA:26,0
DA:27,0
DA:31,0
DA:32,0
DA:33,0
DA:41,0
DA:51,0
DA:54,0
DA:55,0
DA:58,0
DA:59,0
DA:61,0
DA:65,0
DA:66,0
DA:67,0
DA:71,0
DA:72,0
DA:73,0
DA:75,0
DA:89,0
DA:90,0
DA:91,0
DA:92,0
DA:95,0
DA:96,0
DA:129,0
DA:130,0
DA:201,0
DA:202,0
DA:219,0
DA:220,0
DA:229,0
DA:230,0
DA:233,0
DA:237,0
DA:238,0
DA:244,0
DA:245,0
DA:251,0
DA:252,0
DA:258,0
DA:259,0
DA:266,0
DA:278,0
DA:279,0
DA:280,0
DA:281,0
DA:282,0
DA:283,0
DA:284,0
DA:289,0
DA:290,0
DA:291,0
DA:292,0
DA:293,0
DA:294,0
DA:295,0
DA:301,0
DA:302,0
DA:312,0
LF:77
LH:0
BRDA:17,0,0,0
BRDA:17,0,1,0
BRDA:20,1,0,0
BRDA:20,1,1,0
BRDA:34,2,0,0
BRDA:34,2,1,0
BRDA:58,3,0,0
BRDA:58,3,1,0
BRDA:83,4,0,0
BRDA:83,4,1,0
BRDA:84,5,0,0
BRDA:84,5,1,0
BRDA:229,6,0,0
BRDA:229,6,1,0
BRDA:237,7,0,0
BRDA:237,7,1,0
BRDA:244,8,0,0
BRDA:244,8,1,0
BRDA:244,9,0,0
BRDA:244,9,1,0
BRDA:251,10,0,0
BRDA:251,10,1,0
BRDA:258,11,0,0
BRDA:258,11,1,0
BRDA:266,12,0,0
BRDA:266,12,1,0
BRDA:268,13,0,0
BRDA:268,13,1,0
BRDA:271,14,0,0
BRDA:271,14,1,0
BRDA:273,15,0,0
BRDA:273,15,1,0
BRDA:305,16,0,0
BRDA:305,16,1,0
BRF:34
BRH:0
end_of_record
TN:
SF:server.js
FN:27,(anonymous_0)
FN:30,(anonymous_1)
FN:42,(anonymous_2)
FN:58,(anonymous_3)
FN:68,(anonymous_4)
FN:82,(anonymous_5)
FN:91,(anonymous_6)
FNF:7
FNH:0
FNDA:0,(anonymous_0)
FNDA:0,(anonymous_1)
FNDA:0,(anonymous_2)
FNDA:0,(anonymous_3)
FNDA:0,(anonymous_4)
FNDA:0,(anonymous_5)
FNDA:0,(anonymous_6)
DA:1,0
DA:2,0
DA:3,0
DA:4,0
DA:5,0
DA:8,0
DA:9,0
DA:10,0
DA:11,0
DA:13,0
DA:14,0
DA:17,0
DA:18,0
DA:19,0
DA:20,0
DA:23,0
DA:28,0
DA:31,0
DA:32,0
DA:36,0
DA:37,0
DA:38,0
DA:39,0
DA:42,0
DA:43,0
DA:58,0
DA:59,0
DA:68,0
DA:69,0
DA:82,0
DA:83,0
DA:84,0
DA:91,0
DA:92,0
DA:93,0
DA:94,0
LF:36
LH:0
BRDA:14,0,0,0
BRDA:14,0,1,0
BRDA:23,1,0,0
BRDA:23,1,1,0
BRDA:63,2,0,0
BRDA:63,2,1,0
BRDA:84,3,0,0
BRDA:84,3,1,0
BRDA:85,4,0,0
BRDA:85,4,1,0
BRF:10
BRH:0
end_of_record
TN:
SF:models\Category.js
FNF:0
FNH:0
DA:1,0
DA:3,0
DA:43,0
DA:51,0
DA:52,0
DA:54,0
LF:6
LH:0
BRF:0
BRH:0
end_of_record
TN:
SF:models\Task.js
FN:75,(anonymous_0)
FN:80,(anonymous_1)
FN:94,(anonymous_2)
FNF:3
FNH:0
FNDA:0,(anonymous_0)
FNDA:0,(anonymous_1)
FNDA:0,(anonymous_2)
DA:1,0
DA:3,0
DA:75,0
DA:76,0
DA:80,0
DA:81,0
DA:82,0
DA:83,0
DA:84,0
DA:88,0
DA:89,0
DA:90,0
DA:91,0
DA:94,0
DA:96,0
DA:97,0
DA:101,0
DA:102,0
DA:105,0
DA:108,0
LF:20
LH:0
BRDA:76,0,0,0
BRDA:76,0,1,0
BRDA:81,1,0,0
BRDA:81,1,1,0
BRDA:82,2,0,0
BRDA:82,2,1,0
BRDA:83,3,0,0
BRDA:83,3,1,0
BRDA:96,4,0,0
BRDA:96,4,1,0
BRDA:96,5,0,0
BRDA:96,5,1,0
BRDA:96,5,2,0
BRDA:101,6,0,0
BRDA:101,6,1,0
BRDA:101,7,0,0
BRDA:101,7,1,0
BRF:17
BRH:0
end_of_record
TN:
SF:models\User.js
FN:85,(anonymous_0)
FN:103,(anonymous_1)
FN:118,(anonymous_2)
FN:123,(anonymous_3)
FNF:4
FNH:1
FNDA:0,(anonymous_0)
FNDA:8,(anonymous_1)
FNDA:0,(anonymous_2)
FNDA:0,(anonymous_3)
DA:1,1
DA:2,1
DA:4,1
DA:85,1
DA:86,0
DA:99,1
DA:100,1
DA:103,1
DA:105,8
DA:107,8
DA:109,8
DA:110,8
DA:111,8
DA:113,0
DA:118,1
DA:119,0
DA:123,1
DA:124,0
DA:125,0
DA:128,1
LF:20
LH:15
BRDA:105,0,0,0
BRDA:105,0,1,8
BRF:2
BRH:1
end_of_record
TN:
SF:routes\analytics.js
FN:9,(anonymous_0)
FN:280,(anonymous_1)
FN:388,(anonymous_2)
FN:389,(anonymous_3)
FN:390,(anonymous_4)
FN:404,(anonymous_5)
FN:585,(anonymous_6)
FN:601,(anonymous_7)
FN:606,(anonymous_8)
FNF:9
FNH:0
FNDA:0,(anonymous_0)
FNDA:0,(anonymous_1)
FNDA:0,(anonymous_2)
FNDA:0,(anonymous_3)
FNDA:0,(anonymous_4)
FNDA:0,(anonymous_5)
FNDA:0,(anonymous_6)
FNDA:0,(anonymous_7)
FNDA:0,(anonymous_8)
DA:1,0
DA:2,0
DA:3,0
DA:4,0
DA:6,0
DA:9,0
DA:10,0
DA:11,0
DA:14,0
DA:16,0
DA:18,0
DA:19,0
DA:21,0
DA:22,0
DA:24,0
DA:25,0
DA:27,0
DA:28,0
DA:30,0
DA:42,0
DA:238,0
DA:239,0
DA:240,0
DA:242,0
DA:243,0
DA:244,0
DA:246,0
DA:272,0
DA:280,0
DA:281,0
DA:290,0
DA:293,0
DA:294,0
DA:295,0
DA:296,0
DA:297,0
DA:299,0
DA:302,0
DA:303,0
DA:304,0
DA:305,0
DA:309,0
DA:311,0
DA:317,0
DA:319,0
DA:324,0
DA:326,0
DA:330,0
DA:332,0
DA:336,0
DA:338,0
DA:345,0
DA:381,0
DA:388,0
DA:389,0
DA:390,0
DA:396,0
DA:404,0
DA:405,0
DA:406,0
DA:407,0
DA:410,0
DA:412,0
DA:414,0
DA:415,0
DA:417,0
DA:418,0
DA:420,0
DA:421,0
DA:423,0
DA:427,0
DA:428,0
DA:429,0
DA:435,0
DA:533,0
DA:534,0
DA:538,0
DA:542,0
DA:571,0
DA:572,0
DA:577,0
DA:585,0
DA:586,0
DA:593,0
DA:597,0
DA:600,0
DA:601,0
DA:602,0
DA:605,0
DA:606,0
DA:607,0
DA:610,0
DA:617,0
DA:618,0
DA:619,0
DA:622,0
DA:623,0
DA:625,0
DA:626,0
DA:628,0
DA:637,0
DA:644,0
LF:102
LH:0
BRDA:11,0,0,0
BRDA:16,1,0,0
BRDA:16,1,1,0
BRDA:16,1,2,0
BRDA:16,1,3,0
BRDA:16,1,4,0
BRDA:238,2,0,0
BRDA:238,2,1,0
BRDA:239,3,0,0
BRDA:239,3,1,0
BRDA:240,4,0,0
BRDA:240,4,1,0
BRDA:242,5,0,0
BRDA:242,5,1,0
BRDA:243,6,0,0
BRDA:243,6,1,0
BRDA:244,7,0,0
BRDA:244,7,1,0
BRDA:253,8,0,0
BRDA:253,8,1,0
BRDA:256,9,0,0
BRDA:256,9,1,0
BRDA:285,10,0,0
BRDA:294,11,0,0
BRDA:294,11,1,0
BRDA:295,12,0,0
BRDA:295,12,1,0
BRDA:296,13,0,0
BRDA:296,13,1,0
BRDA:302,14,0,0
BRDA:302,14,1,0
BRDA:303,15,0,0
BRDA:303,15,1,0
BRDA:304,16,0,0
BRDA:304,16,1,0
BRDA:305,17,0,0
BRDA:305,17,1,0
BRDA:309,18,0,0
BRDA:309,18,1,0
BRDA:309,18,2,0
BRDA:309,18,3,0
BRDA:309,18,4,0
BRDA:407,19,0,0
BRDA:412,20,0,0
BRDA:412,20,1,0
BRDA:412,20,2,0
BRDA:412,20,3,0
BRDA:428,21,0,0
BRDA:428,21,1,0
BRDA:533,22,0,0
BRDA:533,22,1,0
BRDA:534,23,0,0
BRDA:534,23,1,0
BRDA:538,24,0,0
BRDA:538,24,1,0
BRDA:552,25,0,0
BRDA:552,25,1,0
BRDA:553,26,0,0
BRDA:553,26,1,0
BRDA:554,27,0,0
BRDA:554,27,1,0
BRDA:555,28,0,0
BRDA:555,28,1,0
BRDA:556,29,0,0
BRDA:556,29,1,0
BRDA:558,30,0,0
BRDA:558,30,1,0
BRDA:559,31,0,0
BRDA:559,31,1,0
BRDA:571,32,0,0
BRDA:571,32,1,0
BRDA:588,33,0,0
BRDA:589,34,0,0
BRDA:592,35,0,0
BRDA:597,36,0,0
BRDA:597,36,1,0
BRDA:597,36,2,0
BRDA:617,37,0,0
BRDA:617,37,1,0
BRF:79
BRH:0
end_of_record
TN:
SF:routes\categories.js
FN:16,(anonymous_0)
FN:28,(anonymous_1)
FN:97,(anonymous_2)
FN:130,(anonymous_3)
FN:158,(anonymous_4)
FN:188,(anonymous_5)
FN:199,(anonymous_6)
FN:247,(anonymous_7)
FN:258,(anonymous_8)
FN:308,(anonymous_9)
FN:340,(anonymous_10)
FNF:11
FNH:0
FNDA:0,(anonymous_0)
FNDA:0,(anonymous_1)
FNDA:0,(anonymous_2)
FNDA:0,(anonymous_3)
FNDA:0,(anonymous_4)
FNDA:0,(anonymous_5)
FNDA:0,(anonymous_6)
FNDA:0,(anonymous_7)
FNDA:0,(anonymous_8)
FNDA:0,(anonymous_9)
FNDA:0,(anonymous_10)
DA:1,0
DA:2,0
DA:3,0
DA:5,0
DA:8,0
DA:16,0
DA:17,0
DA:18,0
DA:19,0
DA:24,0
DA:28,0
DA:29,0
DA:39,0
DA:42,0
DA:43,0
DA:44,0
DA:45,0
DA:46,0
DA:53,0
DA:54,0
DA:55,0
DA:58,0
DA:64,0
DA:65,0
DA:68,0
DA:71,0
DA:72,0
DA:74,0
DA:89,0
DA:97,0
DA:98,0
DA:99,0
DA:103,0
DA:104,0
DA:111,0
DA:112,0
DA:122,0
DA:130,0
DA:131,0
DA:132,0
DA:135,0
DA:144,0
DA:145,0
DA:150,0
DA:158,0
DA:159,0
DA:161,0
DA:165,0
DA:166,0
DA:172,0
DA:173,0
DA:176,0
DA:178,0
DA:185,0
DA:186,0
DA:188,0
DA:191,0
DA:199,0
DA:200,0
DA:201,0
DA:202,0
DA:203,0
DA:210,0
DA:211,0
DA:216,0
DA:217,0
DA:225,0
DA:226,0
DA:229,0
DA:231,0
DA:238,0
DA:239,0
DA:244,0
DA:245,0
DA:247,0
DA:250,0
DA:258,0
DA:259,0
DA:260,0
DA:261,0
DA:262,0
DA:269,0
DA:270,0
DA:272,0
DA:273,0
DA:280,0
DA:282,0
DA:294,0
DA:295,0
DA:300,0
DA:308,0
DA:309,0
DA:310,0
DA:311,0
DA:312,0
DA:318,0
DA:319,0
DA:321,0
DA:332,0
DA:340,0
DA:341,0
DA:349,0
DA:352,0
DA:353,0
DA:354,0
DA:361,0
DA:362,0
DA:363,0
DA:366,0
DA:367,0
DA:368,0
DA:371,0
DA:372,0
DA:378,0
DA:379,0
DA:381,0
DA:402,0
DA:409,0
LF:118
LH:0
BRDA:18,0,0,0
BRDA:18,0,1,0
BRDA:31,1,0,0
BRDA:32,2,0,0
BRDA:36,3,0,0
BRDA:37,4,0,0
BRDA:38,5,0,0
BRDA:43,6,0,0
BRDA:43,6,1,0
BRDA:44,7,0,0
BRDA:44,7,1,0
BRDA:45,8,0,0
BRDA:45,8,1,0
BRDA:55,9,0,0
BRDA:55,9,1,0
BRDA:64,10,0,0
BRDA:64,10,1,0
BRDA:103,11,0,0
BRDA:103,11,1,0
BRDA:144,12,0,0
BRDA:144,12,1,0
BRDA:165,13,0,0
BRDA:165,13,1,0
BRDA:185,14,0,0
BRDA:185,14,1,0
BRDA:202,15,0,0
BRDA:202,15,1,0
BRDA:210,16,0,0
BRDA:210,16,1,0
BRDA:210,17,0,0
BRDA:210,17,1,0
BRDA:216,18,0,0
BRDA:216,18,1,0
BRDA:238,19,0,0
BRDA:238,19,1,0
BRDA:244,20,0,0
BRDA:244,20,1,0
BRDA:261,21,0,0
BRDA:261,21,1,0
BRDA:272,22,0,0
BRDA:272,22,1,0
BRDA:294,23,0,0
BRDA:294,23,1,0
BRDA:311,24,0,0
BRDA:311,24,1,0
BRDA:323,25,0,0
BRDA:323,25,1,0
BRDA:343,26,0,0
BRDA:344,27,0,0
BRDA:347,28,0,0
BRDA:348,29,0,0
BRDA:353,30,0,0
BRDA:353,30,1,0
BRDA:362,31,0,0
BRDA:362,31,1,0
BRDA:363,32,0,0
BRDA:363,32,1,0
BRDA:368,33,0,0
BRDA:368,33,1,0
BRF:59
BRH:0
end_of_record
TN:
SF:routes\tasks.js
FN:21,(anonymous_0)
FN:33,(anonymous_1)
FN:105,(anonymous_2)
FN:138,(anonymous_3)
FN:175,(anonymous_4)
FN:186,(anonymous_5)
FN:241,(anonymous_6)
FN:252,(anonymous_7)
FN:290,(anonymous_8)
FNF:9
FNH:0
FNDA:0,(anonymous_0)
FNDA:0,(anonymous_1)
FNDA:0,(anonymous_2)
FNDA:0,(anonymous_3)
FNDA:0,(anonymous_4)
FNDA:0,(anonymous_5)
FNDA:0,(anonymous_6)
FNDA:0,(anonymous_7)
FNDA:0,(anonymous_8)
DA:1,0
DA:2,0
DA:3,0
DA:4,0
DA:5,0
DA:7,0
DA:10,0
DA:21,0
DA:22,0
DA:23,0
DA:24,0
DA:29,0
DA:33,0
DA:34,0
DA:46,0
DA:49,0
DA:50,0
DA:51,0
DA:52,0
DA:53,0
DA:54,0
DA:55,0
DA:56,0
DA:58,0
DA:59,0
DA:66,0
DA:67,0
DA:68,0
DA:71,0
DA:79,0
DA:80,0
DA:82,0
DA:97,0
DA:105,0
DA:106,0
DA:107,0
DA:111,0
DA:112,0
DA:118,0
DA:124,0
DA:125,0
DA:130,0
DA:138,0
DA:139,0
DA:141,0
DA:142,0
DA:143,0
DA:150,0
DA:151,0
DA:152,0
DA:158,0
DA:159,0
DA:162,0
DA:163,0
DA:165,0
DA:172,0
DA:173,0
DA:175,0
DA:178,0
DA:186,0
DA:187,0
DA:188,0
DA:189,0
DA:190,0
DA:197,0
DA:198,0
DA:199,0
DA:200,0
DA:207,0
DA:208,0
DA:209,0
DA:210,0
DA:218,0
DA:219,0
DA:222,0
DA:223,0
DA:225,0
DA:232,0
DA:233,0
DA:238,0
DA:239,0
DA:241,0
DA:244,0
DA:252,0
DA:253,0
DA:254,0
DA:255,0
DA:256,0
DA:262,0
DA:264,0
DA:276,0
DA:277,0
DA:282,0
DA:290,0
DA:291,0
DA:292,0
DA:294,0
DA:295,0
DA:301,0
DA:302,0
DA:303,0
DA:309,0
DA:310,0
DA:312,0
DA:324,0
DA:331,0
LF:106
LH:0
BRDA:23,0,0,0
BRDA:23,0,1,0
BRDA:36,1,0,0
BRDA:37,2,0,0
BRDA:44,3,0,0
BRDA:45,4,0,0
BRDA:50,5,0,0
BRDA:50,5,1,0
BRDA:51,6,0,0
BRDA:51,6,1,0
BRDA:52,7,0,0
BRDA:52,7,1,0
BRDA:53,8,0,0
BRDA:53,8,1,0
BRDA:54,9,0,0
BRDA:54,9,1,0
BRDA:58,10,0,0
BRDA:58,10,1,0
BRDA:68,11,0,0
BRDA:68,11,1,0
BRDA:111,12,0,0
BRDA:111,12,1,0
BRDA:124,13,0,0
BRDA:124,13,1,0
BRDA:142,14,0,0
BRDA:142,14,1,0
BRDA:151,15,0,0
BRDA:151,15,1,0
BRDA:172,16,0,0
BRDA:172,16,1,0
BRDA:189,17,0,0
BRDA:189,17,1,0
BRDA:197,18,0,0
BRDA:197,18,1,0
BRDA:199,19,0,0
BRDA:199,19,1,0
BRDA:207,20,0,0
BRDA:207,20,1,0
BRDA:209,21,0,0
BRDA:209,21,1,0
BRDA:232,22,0,0
BRDA:232,22,1,0
BRDA:238,23,0,0
BRDA:238,23,1,0
BRDA:255,24,0,0
BRDA:255,24,1,0
BRDA:276,25,0,0
BRDA:276,25,1,0
BRDA:294,26,0,0
BRDA:294,26,1,0
BRDA:302,27,0,0
BRDA:302,27,1,0
BRF:52
BRH:0
end_of_record
TN:
SF:routes\users.js
FN:24,(anonymous_0)
FN:36,(anonymous_1)
FN:41,(anonymous_2)
FN:106,(anonymous_3)
FN:137,(anonymous_4)
FN:172,(anonymous_5)
FN:183,(anonymous_6)
FN:233,(anonymous_7)
FN:286,(anonymous_8)
FN:297,(anonymous_9)
FN:338,(anonymous_10)
FN:368,(anonymous_11)
FNF:12
FNH:0
FNDA:0,(anonymous_0)
FNDA:0,(anonymous_1)
FNDA:0,(anonymous_2)
FNDA:0,(anonymous_3)
FNDA:0,(anonymous_4)
FNDA:0,(anonymous_5)
FNDA:0,(anonymous_6)
FNDA:0,(anonymous_7)
FNDA:0,(anonymous_8)
FNDA:0,(anonymous_9)
FNDA:0,(anonymous_10)
FNDA:0,(anonymous_11)
DA:1,0
DA:2,0
DA:3,0
DA:4,0
DA:5,0
DA:7,0
DA:10,0
DA:18,0
DA:24,0
DA:25,0
DA:26,0
DA:27,0
DA:32,0
DA:36,0
DA:37,0
DA:41,0
DA:42,0
DA:52,0
DA:55,0
DA:56,0
DA:57,0
DA:58,0
DA:59,0
DA:60,0
DA:68,0
DA:69,0
DA:70,0
DA:73,0
DA:80,0
DA:81,0
DA:83,0
DA:98,0
DA:106,0
DA:107,0
DA:108,0
DA:110,0
DA:111,0
DA:117,0
DA:123,0
DA:124,0
DA:129,0
DA:137,0
DA:138,0
DA:140,0
DA:141,0
DA:142,0
DA:149,0
DA:150,0
DA:153,0
DA:156,0
DA:157,0
DA:159,0
DA:169,0
DA:170,0
DA:172,0
DA:175,0
DA:183,0
DA:184,0
DA:185,0
DA:188,0
DA:189,0
DA:190,0
DA:197,0
DA:198,0
DA:199,0
DA:206,0
DA:209,0
DA:212,0
DA:213,0
DA:215,0
DA:225,0
DA:233,0
DA:234,0
DA:235,0
DA:237,0
DA:238,0
DA:239,0
DA:246,0
DA:247,0
DA:248,0
DA:249,0
DA:257,0
DA:260,0
DA:261,0
DA:264,0
DA:267,0
DA:268,0
DA:270,0
DA:277,0
DA:278,0
DA:283,0
DA:284,0
DA:286,0
DA:289,0
DA:297,0
DA:298,0
DA:299,0
DA:300,0
DA:301,0
DA:308,0
DA:309,0
DA:311,0
DA:324,0
DA:325,0
DA:330,0
DA:338,0
DA:339,0
DA:340,0
DA:341,0
DA:342,0
DA:349,0
DA:350,0
DA:360,0
DA:368,0
DA:369,0
DA:370,0
DA:373,0
DA:382,0
DA:389,0
LF:119
LH:0
BRDA:26,0,0,0
BRDA:26,0,1,0
BRDA:37,1,0,0
BRDA:37,1,1,0
BRDA:44,2,0,0
BRDA:45,3,0,0
BRDA:50,4,0,0
BRDA:51,5,0,0
BRDA:56,6,0,0
BRDA:56,6,1,0
BRDA:57,7,0,0
BRDA:57,7,1,0
BRDA:58,8,0,0
BRDA:58,8,1,0
BRDA:59,9,0,0
BRDA:59,9,1,0
BRDA:70,10,0,0
BRDA:70,10,1,0
BRDA:110,11,0,0
BRDA:110,11,1,0
BRDA:123,12,0,0
BRDA:123,12,1,0
BRDA:141,13,0,0
BRDA:141,13,1,0
BRDA:169,14,0,0
BRDA:169,14,1,0
BRDA:189,15,0,0
BRDA:189,15,1,0
BRDA:198,16,0,0
BRDA:198,16,1,0
BRDA:238,17,0,0
BRDA:238,17,1,0
BRDA:246,18,0,0
BRDA:246,18,1,0
BRDA:246,19,0,0
BRDA:246,19,1,0
BRDA:248,20,0,0
BRDA:248,20,1,0
BRDA:260,21,0,0
BRDA:260,21,1,0
BRDA:277,22,0,0
BRDA:277,22,1,0
BRDA:283,23,0,0
BRDA:283,23,1,0
BRDA:300,24,0,0
BRDA:300,24,1,0
BRDA:324,25,0,0
BRDA:324,25,1,0
BRDA:341,26,0,0
BRDA:341,26,1,0
BRF:50
BRH:0
end_of_record
